8/14/2024 11:59:09 PM	Load tool settings
8/14/2024 11:59:09 PM	Cannot find image path: D:\Win11_23H2_English_x64v2\sources\install.wim
8/14/2024 11:59:09 PM	Cannot find image path: D:\Win11_23H2_English_x64v2\sources\boot.wim
8/14/2024 11:59:09 PM	NTLite v2024.7.9999 x64
8/14/2024 11:59:09 PM	CPU threads 12
8/14/2024 11:59:10 PM	Gather host hardware
8/14/2024 11:59:10 PM	 - GH
8/14/2024 11:59:10 PM	 - Gather image list
8/14/2024 11:59:10 PM	Save tool settings
8/14/2024 11:59:10 PM	Load image list
8/14/2024 11:59:10 PM	Cannot find image path: D:\Win11_23H2_English_x64v2\sources\install.wim
8/14/2024 11:59:10 PM	Cannot find image path: D:\Win11_23H2_English_x64v2\sources\boot.wim
8/14/2024 11:59:10 PM	Cannot read image info, potentially corrupted file: D:\Win11_23H2_English_x64v2\sources\boot.wim
8/14/2024 11:59:10 PM	Cannot read image info, potentially corrupted file: D:\Win11_23H2_English_x64v2\sources\install.wim
8/14/2024 11:59:10 PM	SHD
8/14/2024 11:59:10 PM	Host: Windows 11 Professional 23H2 x64 - 10.0.22635.4010 (en-US)
8/14/2024 11:59:10 PM	Image list checkup
8/15/2024 12:00:08 AM	Warning: Selected image is already on the list:
D:\Windows10_x64_eng\Sources\install.wim
8/15/2024 12:00:10 AM	 - Gather image list
8/15/2024 12:00:10 AM	Save tool settings
8/15/2024 12:00:10 AM	Load image list
8/15/2024 12:00:11 AM	Cannot find image path: D:\Win11_23H2_English_x64v2\sources\install.wim
8/15/2024 12:00:11 AM	Cannot find image path: D:\Win11_23H2_English_x64v2\sources\boot.wim
8/15/2024 12:00:11 AM	Cannot read image info, potentially corrupted file: D:\Win11_23H2_English_x64v2\sources\install.wim
8/15/2024 12:00:11 AM	Cannot read image info, potentially corrupted file: D:\Win11_23H2_English_x64v2\sources\boot.wim
8/15/2024 12:00:11 AM	Image list checkup
8/15/2024 12:00:22 AM	 - Gather image list
8/15/2024 12:00:22 AM	Save tool settings
8/15/2024 12:00:22 AM	Load image list
8/15/2024 12:00:22 AM	Cannot find image path: D:\Win11_23H2_English_x64v2\sources\install.wim
8/15/2024 12:00:22 AM	Cannot find image path: D:\Win11_23H2_English_x64v2\sources\boot.wim
8/15/2024 12:00:22 AM	Cannot read image info, potentially corrupted file: D:\Win11_23H2_English_x64v2\sources\install.wim
8/15/2024 12:00:22 AM	Cannot read image info, potentially corrupted file: D:\Win11_23H2_English_x64v2\sources\boot.wim
8/15/2024 12:00:22 AM	Image list checkup
8/15/2024 12:02:18 AM	 - Gather image list
8/15/2024 12:02:18 AM	Save tool settings
8/15/2024 12:02:18 AM	Load image list
8/15/2024 12:02:18 AM	Cannot find image path: D:\Win11_23H2_English_x64v2\sources\install.wim
8/15/2024 12:02:18 AM	Cannot find image path: D:\Win11_23H2_English_x64v2\sources\boot.wim
8/15/2024 12:02:18 AM	Cannot read image info, potentially corrupted file: D:\Win11_23H2_English_x64v2\sources\install.wim
8/15/2024 12:02:18 AM	Cannot read image info, potentially corrupted file: D:\Win11_23H2_English_x64v2\sources\boot.wim
8/15/2024 12:02:18 AM	Image list checkup
8/15/2024 12:02:18 AM	Image load: Windows 10 Home - D:\Tiny10-XiaoEdition-\sources\install.wim
8/15/2024 12:02:18 AM	SM [m]: D:\Tiny10-XiaoEdition-\sources\install.wim
8/15/2024 12:02:18 AM	Mounting image: D:\Tiny10-XiaoEdition-\sources\install.wim - Windows 10 Home
8/15/2024 12:02:18 AM		Mount dir: C:\Users\Super\AppData\Local\Temp\NLTmpMnt
8/15/2024 12:02:18 AM	GWH
8/15/2024 12:04:35 AM	SM [m]: clr
8/15/2024 12:04:35 AM	# 
8/15/2024 12:04:37 AM	Windows 10 Core 22H2 x64 - 10.0.19045.3803
8/15/2024 12:04:37 AM	Reading data: Windows 10 Core 22H2 x64 - 10.0.19045.3803 (en-US)
8/15/2024 12:04:37 AM	- Gather hardware lists
8/15/2024 12:04:37 AM	- Gather packages
8/15/2024 12:04:39 AM	 - Package sorting
8/15/2024 12:04:39 AM	 - Connecting PBC
8/15/2024 12:04:40 AM	- Filtering packages
8/15/2024 12:04:41 AM	- Gather existing drivers
8/15/2024 12:04:43 AM	- Gather services
8/15/2024 12:04:46 AM	- Gather driver services
8/15/2024 12:04:47 AM	- Gather scheduled tasks
8/15/2024 12:04:48 AM	- Gather components
8/15/2024 12:04:49 AM	- Gather languages
8/15/2024 12:04:49 AM	- Gather keyboards
8/15/2024 12:04:49 AM	- Gather fonts
8/15/2024 12:04:50 AM	- Connect drivers
8/15/2024 12:04:50 AM	- Gather tweaks
8/15/2024 12:04:50 AM	Skipping EventLog-Application due to setup requirement
8/15/2024 12:04:50 AM	Skipping EventLog-Security due to setup requirement
8/15/2024 12:04:50 AM	Skipping EventLog-System due to setup requirement
8/15/2024 12:04:50 AM	- Gather unattended data
8/15/2024 12:04:50 AM		- Timezones
8/15/2024 12:04:50 AM		- Keyboards
8/15/2024 12:04:50 AM		- Locales
8/15/2024 12:04:50 AM	- Gather unattended options
8/15/2024 12:04:50 AM	# 
8/15/2024 12:04:50 AM		-Loading components
8/15/2024 12:04:50 AM	- Apply compatibility options
8/15/2024 12:04:50 AM		-Loading Apply options
8/15/2024 12:04:50 AM	 - Gather image list
8/15/2024 12:04:50 AM	Save tool settings
8/15/2024 12:04:50 AM	Load image list
8/15/2024 12:04:50 AM	Cannot find image path: D:\Win11_23H2_English_x64v2\sources\install.wim
8/15/2024 12:04:50 AM	Cannot find image path: D:\Win11_23H2_English_x64v2\sources\boot.wim
8/15/2024 12:04:50 AM	Cannot read image info, potentially corrupted file: D:\Win11_23H2_English_x64v2\sources\boot.wim
8/15/2024 12:04:50 AM	Cannot read image info, potentially corrupted file: D:\Win11_23H2_English_x64v2\sources\install.wim
8/15/2024 12:04:50 AM	Windows 10 Core 22H2 x64 - 10.0.19045.3803
8/15/2024 12:04:58 AM	Image list checkup
8/15/2024 12:04:58 AM		-Loading features
8/15/2024 12:04:58 AM		-Loading drivers
8/15/2024 12:04:58 AM		-Loading unattended
8/15/2024 12:04:58 AM	- Gather unattended options
8/15/2024 12:04:58 AM		-Loading tweaks
8/15/2024 12:04:58 AM		-Loading execution list
8/15/2024 12:04:58 AM	- Gather existing Post-Setup Machine
8/15/2024 12:04:58 AM	- Gather existing Post-Setup User
8/15/2024 12:04:58 AM		-Loading registry list
8/15/2024 12:04:58 AM		-Loading updates
8/15/2024 12:04:58 AM	# 
8/15/2024 12:04:58 AM	# 
8/15/2024 12:04:58 AM	- UnReg (di:0)
8/15/2024 12:04:58 AM	Cleaning
8/15/2024 12:04:58 AM	Waiting for other operations to finish
8/15/2024 12:04:59 AM	Completed - Image load
8/15/2024 12:04:59 AM	SM [po]: clr
8/15/2024 12:04:59 AM	 - Gather image list
8/15/2024 12:04:59 AM	Save tool settings
8/15/2024 12:04:59 AM	Load image list
8/15/2024 12:04:59 AM	Cannot find image path: D:\Win11_23H2_English_x64v2\sources\install.wim
8/15/2024 12:04:59 AM	Cannot find image path: D:\Win11_23H2_English_x64v2\sources\boot.wim
8/15/2024 12:04:59 AM	Cannot read image info, potentially corrupted file: D:\Win11_23H2_English_x64v2\sources\install.wim
8/15/2024 12:04:59 AM	Cannot read image info, potentially corrupted file: D:\Win11_23H2_English_x64v2\sources\boot.wim
8/15/2024 12:04:59 AM	Windows 10 Core 22H2 x64 - 10.0.19045.3803
8/15/2024 12:04:59 AM	Image list checkup
8/15/2024 12:07:07 AM	Drivers page fill
8/15/2024 12:07:07 AM	- Hardware list refresh
8/15/2024 12:07:07 AM	- Listing added drivers
8/15/2024 12:07:07 AM	- Listing hardware devices
8/15/2024 12:07:07 AM	- Listing hardware devices
8/15/2024 12:08:01 AM	- Listing post-setup executions
8/15/2024 12:08:40 AM	- Listing components
8/15/2024 12:11:00 AM	Preparing DISM
8/15/2024 12:11:00 AM	- DI
8/15/2024 12:11:00 AM	DA 10.0.22621.3646
8/15/2024 12:11:00 AM	- UnReg (di:1)
8/15/2024 12:11:03 AM	(null) - Error 0x80070005 - [5] Access is denied.
8/15/2024 12:11:03 AM	Error: Error [5] Access is denied. 'Administrative Tools'
8/15/2024 12:11:04 AM	 - DCL
8/15/2024 12:11:05 AM	- DS
8/15/2024 12:11:05 AM	Deleting temporary files: C:\Users\Super\AppData\Local\Temp\NLTmpScratch\NLTmpS
8/15/2024 12:11:08 AM	Preparing DISM
8/15/2024 12:11:08 AM	- DI
8/15/2024 12:11:08 AM	DA 10.0.22621.3646
8/15/2024 12:11:10 AM	(null) - Error 0x80070005 - [5] Access is denied.
8/15/2024 12:11:10 AM	Error: Error [5] Access is denied. 'Active Directory Lightweight Directory Services'
8/15/2024 12:11:11 AM	 - DCL
8/15/2024 12:11:12 AM	- DS
8/15/2024 12:11:12 AM	Deleting temporary files: C:\Users\Super\AppData\Local\Temp\NLTmpScratch\NLTmpS
8/15/2024 12:11:19 AM	Preparing DISM
8/15/2024 12:11:19 AM	- DI
8/15/2024 12:11:19 AM	DA 10.0.22621.3646
8/15/2024 12:11:27 AM	Completed - Package: 'WordPad'
8/15/2024 12:11:27 AM	 - DCL
8/15/2024 12:11:27 AM	- DS
8/15/2024 12:11:27 AM	Deleting temporary files: C:\Users\Super\AppData\Local\Temp\NLTmpScratch\NLTmpS
8/15/2024 12:11:36 AM	Preparing DISM
8/15/2024 12:11:36 AM	- DI
8/15/2024 12:11:36 AM	DA 10.0.22621.3646
8/15/2024 12:11:38 AM	(null) - Error 0x80070005 - [5] Access is denied.
8/15/2024 12:11:38 AM	Error: Error [5] Access is denied. 'Work Folders Client'
8/15/2024 12:11:39 AM	 - DCL
8/15/2024 12:11:39 AM	- DS
8/15/2024 12:11:39 AM	Deleting temporary files: C:\Users\Super\AppData\Local\Temp\NLTmpScratch\NLTmpS
8/15/2024 12:11:42 AM	Preparing DISM
8/15/2024 12:11:42 AM	- DI
8/15/2024 12:11:42 AM	DA 10.0.22621.3646
8/15/2024 12:11:44 AM	(null) - Error 0x80070005 - [5] Access is denied.
8/15/2024 12:11:44 AM	Error: Error [5] Access is denied. 'Windows TIFF IFilter'
8/15/2024 12:11:45 AM	 - DCL
8/15/2024 12:11:45 AM	- DS
8/15/2024 12:11:45 AM	Deleting temporary files: C:\Users\Super\AppData\Local\Temp\NLTmpScratch\NLTmpS
8/15/2024 12:11:49 AM	Preparing DISM
8/15/2024 12:11:49 AM	- DI
8/15/2024 12:11:49 AM	DA 10.0.22621.3646
8/15/2024 12:11:51 AM	(null) - Error 0x80070005 - [5] Access is denied.
8/15/2024 12:11:51 AM	Error: Error [5] Access is denied. 'Unified Write Filter'
8/15/2024 12:12:29 AM	 - DCL
8/15/2024 12:12:29 AM	- DS
8/15/2024 12:12:29 AM	Deleting temporary files: C:\Users\Super\AppData\Local\Temp\NLTmpScratch\NLTmpS
8/15/2024 12:12:33 AM	Preparing DISM
8/15/2024 12:12:33 AM	- DI
8/15/2024 12:12:33 AM	DA 10.0.22621.3646
8/15/2024 12:12:35 AM	(null) - Error 0x80070005 - [5] Access is denied.
8/15/2024 12:12:35 AM	Error: Error [5] Access is denied. 'SMB 1.0/CIFS Server'
8/15/2024 12:12:36 AM	 - DCL
8/15/2024 12:12:36 AM	- DS
8/15/2024 12:12:36 AM	Deleting temporary files: C:\Users\Super\AppData\Local\Temp\NLTmpScratch\NLTmpS
8/15/2024 12:12:46 AM	Preparing DISM
8/15/2024 12:12:46 AM	- DI
8/15/2024 12:12:46 AM	DA 10.0.22621.3646
8/15/2024 12:12:48 AM	(null) - Error 0x80070005 - [5] Access is denied.
8/15/2024 12:12:48 AM	Error: Error [5] Access is denied. 'Microsoft XPS Document Writer'
8/15/2024 12:12:49 AM	 - DCL
8/15/2024 12:12:49 AM	- DS
8/15/2024 12:12:49 AM	Deleting temporary files: C:\Users\Super\AppData\Local\Temp\NLTmpScratch\NLTmpS
8/15/2024 12:12:52 AM	Preparing DISM
8/15/2024 12:12:52 AM	- DI
8/15/2024 12:12:52 AM	DA 10.0.22621.3646
8/15/2024 12:12:59 AM	Completed - Package: 'Microsoft Quick Assist (App)'
8/15/2024 12:12:59 AM	 - DCL
8/15/2024 12:12:59 AM	- DS
8/15/2024 12:12:59 AM	Deleting temporary files: C:\Users\Super\AppData\Local\Temp\NLTmpScratch\NLTmpS
8/15/2024 12:13:08 AM	Preparing DISM
8/15/2024 12:13:08 AM	- DI
8/15/2024 12:13:08 AM	DA 10.0.22621.3646
8/15/2024 12:13:13 AM	 - DCL
8/15/2024 12:13:13 AM	- DS
8/15/2024 12:13:13 AM	Deleting temporary files: C:\Users\Super\AppData\Local\Temp\NLTmpScratch\NLTmpS
8/15/2024 12:13:19 AM	Preparing DISM
8/15/2024 12:13:19 AM	- DI
8/15/2024 12:13:19 AM	DA 10.0.22621.3646
8/15/2024 12:13:23 AM	Error: Error [2085]: Permanent package 'English (US) text-to-speech'
8/15/2024 12:13:25 AM	 - DCL
8/15/2024 12:13:25 AM	- DS
8/15/2024 12:13:25 AM	Deleting temporary files: C:\Users\Super\AppData\Local\Temp\NLTmpScratch\NLTmpS
8/15/2024 12:13:27 AM	- Listing hardware devices
8/15/2024 12:14:22 AM	Start applying all of the pending changes.
8/15/2024 12:14:22 AM	# 
8/15/2024 12:14:22 AM	Save tool settings
8/15/2024 12:14:22 AM	- Save preset: Auto-saved 95c575a8
8/15/2024 12:14:22 AM	Unattended: pass 'Generalize'
8/15/2024 12:14:22 AM	Unattended: pass 'OOBE (Final install options)'
8/15/2024 12:14:22 AM	Unattended: pass 'Specialize'
8/15/2024 12:14:22 AM	Unattended: pass 'WindowsPE (Setup options)'
8/15/2024 12:14:22 AM	Unattended: pass 'Generalize'
8/15/2024 12:14:22 AM	Unattended: pass 'OOBE (Final install options)'
8/15/2024 12:14:22 AM	Unattended: pass 'Specialize'
8/15/2024 12:14:22 AM	Unattended: pass 'WindowsPE (Setup options)'
8/15/2024 12:14:22 AM	 - Gather image list
8/15/2024 12:14:22 AM	Save tool settings
8/15/2024 12:14:22 AM	Load image list
8/15/2024 12:14:22 AM	Cannot find image path: D:\Win11_23H2_English_x64v2\sources\install.wim
8/15/2024 12:14:22 AM	Cannot find image path: D:\Win11_23H2_English_x64v2\sources\boot.wim
8/15/2024 12:14:22 AM	Cannot read image info, potentially corrupted file: D:\Win11_23H2_English_x64v2\sources\install.wim
8/15/2024 12:14:22 AM	Cannot read image info, potentially corrupted file: D:\Win11_23H2_English_x64v2\sources\boot.wim
8/15/2024 12:14:22 AM	Windows 10 Core 22H2 x64 - 10.0.19045.3803
8/15/2024 12:14:23 AM	Image list checkup
8/15/2024 12:14:23 AM	# 
8/15/2024 12:14:23 AM	Windows 10 Core 22H2 x64 - 10.0.19045.3803
8/15/2024 12:14:23 AM	# 
8/15/2024 12:14:23 AM	# 
8/15/2024 12:14:23 AM	Preparing feature configuration
8/15/2024 12:14:23 AM	Disabling: Microsoft XPS Document Writer
8/15/2024 12:14:23 AM	Preparing DISM
8/15/2024 12:14:23 AM	- DI
8/15/2024 12:14:23 AM	DA 10.0.22621.3646
8/15/2024 12:14:23 AM	- UnReg (di:1)
8/15/2024 12:14:25 AM	Disabling: Remote Desktop Connection
8/15/2024 12:14:27 AM	Disabling: Windows Search
8/15/2024 12:14:29 AM	 - DCL
8/15/2024 12:14:29 AM	- DS
8/15/2024 12:14:29 AM	Deleting temporary files: C:\Users\Super\AppData\Local\Temp\NLTmpScratch\NLTmpS
8/15/2024 12:14:29 AM	# 
8/15/2024 12:14:30 AM	Cleaning - TD
8/15/2024 12:14:30 AM	- UnReg (di:0)
8/15/2024 12:14:30 AM	Windows 10 Core 22H2 x64 - 10.0.19045.3803
8/15/2024 12:14:30 AM	Reading data: Windows 10 Core 22H2 x64 - 10.0.19045.3803 (en-US)
8/15/2024 12:14:30 AM	- Gather hardware lists
8/15/2024 12:14:30 AM	- Gather packages
8/15/2024 12:14:32 AM	 - Package sorting
8/15/2024 12:14:32 AM	 - Connecting PBC
8/15/2024 12:14:32 AM	- Filtering packages
8/15/2024 12:14:32 AM	- Gather existing drivers
8/15/2024 12:14:32 AM	- Gather services
8/15/2024 12:14:33 AM	- Gather driver services
8/15/2024 12:14:33 AM	- Gather scheduled tasks
8/15/2024 12:14:33 AM	- Gather components
8/15/2024 12:14:33 AM	- Gather languages
8/15/2024 12:14:33 AM	- Gather keyboards
8/15/2024 12:14:34 AM	- Gather fonts
8/15/2024 12:14:35 AM	- Connect drivers
8/15/2024 12:14:35 AM	- Gather tweaks
8/15/2024 12:14:35 AM	Skipping EventLog-Application due to setup requirement
8/15/2024 12:14:35 AM	Skipping EventLog-Security due to setup requirement
8/15/2024 12:14:35 AM	Skipping EventLog-System due to setup requirement
8/15/2024 12:14:35 AM	- Gather unattended data
8/15/2024 12:14:35 AM		- Timezones
8/15/2024 12:14:35 AM		- Keyboards
8/15/2024 12:14:35 AM		- Locales
8/15/2024 12:14:35 AM	- Gather unattended options
8/15/2024 12:14:35 AM	# 
8/15/2024 12:14:35 AM		-Loading components
8/15/2024 12:14:35 AM	- Apply compatibility options
8/15/2024 12:14:35 AM		-Loading features
8/15/2024 12:14:35 AM		-Loading drivers
8/15/2024 12:14:35 AM		-Loading unattended
8/15/2024 12:14:35 AM	- Gather unattended options
8/15/2024 12:14:35 AM		-Loading tweaks
8/15/2024 12:14:35 AM		-Loading execution list
8/15/2024 12:14:35 AM	- Gather existing Post-Setup Machine
8/15/2024 12:14:35 AM	- Gather existing Post-Setup User
8/15/2024 12:14:35 AM		-Loading registry list
8/15/2024 12:14:35 AM		-Loading updates
8/15/2024 12:14:35 AM	# 
8/15/2024 12:14:35 AM	# 
8/15/2024 12:14:35 AM	RCT
8/15/2024 12:14:35 AM	Preparing data
8/15/2024 12:14:36 AM	 - Pre-loading selected data
8/15/2024 12:14:36 AM	- section 1
8/15/2024 12:14:36 AM	- section 2
8/15/2024 12:14:36 AM	- section 3
8/15/2024 12:14:37 AM	- section 4
8/15/2024 12:14:37 AM	- section 4.1
8/15/2024 12:14:37 AM	- section 5
8/15/2024 12:14:37 AM	- section 6
8/15/2024 12:14:37 AM	- section 7
8/15/2024 12:14:37 AM	- section 8
8/15/2024 12:14:37 AM	- section 9
8/15/2024 12:14:37 AM	Preparing data
8/15/2024 12:14:37 AM	 - RDS
8/15/2024 12:14:37 AM	Stack %%SystemRoot%%\winsxs\amd64_microsoft-windows-servicingstack_31bf3856ad364e35_10.0.19041.3745_none_7ded3f327ca60a41
8/15/2024 12:14:37 AM	RDS clean 0
8/15/2024 12:14:37 AM	 - Collect
8/15/2024 12:14:58 AM	 - PMR
8/15/2024 12:14:59 AM	RAEC
8/15/2024 12:14:59 AM	Functionality guard
8/15/2024 12:14:59 AM	- static
8/15/2024 12:14:59 AM	- kept components
8/15/2024 12:15:06 AM	Disable cw
8/15/2024 12:15:08 AM	Removing components
8/15/2024 12:15:08 AM	- UnReg (di:1)
8/15/2024 12:15:08 AM	Removing: Microsoft  |  scsidev.inf
8/15/2024 12:15:09 AM	Done - 0.1 MB (Microsoft  |  scsidev.inf)

8/15/2024 12:15:09 AM	Removing: 3D Viewer
8/15/2024 12:15:09 AM	Preparing DISM
8/15/2024 12:15:09 AM	- DI
8/15/2024 12:15:09 AM	DA 10.0.22621.3646
8/15/2024 12:15:09 AM	- UnReg (di:1)
8/15/2024 12:15:12 AM	Done (3D Viewer)

8/15/2024 12:15:12 AM	Removing: Add Folder Suggestions dialog
8/15/2024 12:15:12 AM	Done - 0.8 MB (Add Folder Suggestions dialog)

8/15/2024 12:15:12 AM	Removing: App Resolver
8/15/2024 12:15:12 AM	Done - 0.5 MB (App Resolver)

8/15/2024 12:15:12 AM	Removing: AsyncTextService
8/15/2024 12:15:13 AM	Done - 0.6 MB (AsyncTextService)

8/15/2024 12:15:13 AM	Removing: Call
8/15/2024 12:15:13 AM	Done - 1.3 MB (Call)

8/15/2024 12:15:13 AM	Removing: Captive Portal Flow
8/15/2024 12:15:14 AM	Done - 0.7 MB (Captive Portal Flow)

8/15/2024 12:15:14 AM	Removing: Capture Picker
8/15/2024 12:15:14 AM	Done - 1.0 MB (Capture Picker)

8/15/2024 12:15:14 AM	Removing: Content Delivery Manager
8/15/2024 12:15:14 AM	Done - 9.0 MB (Content Delivery Manager)

8/15/2024 12:15:14 AM	Removing: Cortana
8/15/2024 12:15:16 AM	Error 5 at setting component registry entry: 4 | SOFTWARE\Microsoft\Windows\CurrentVersion\Search | CortanaConsent.
8/15/2024 12:15:16 AM	Error 5 at processing registry
8/15/2024 12:15:16 AM	Cortana - [5] Access is denied.
8/15/2024 12:15:16 AM	Removing: Credential Dialog
8/15/2024 12:15:16 AM	Done - 0.4 MB (Credential Dialog)

8/15/2024 12:15:16 AM	Removing: Desktop App Web Viewer
8/15/2024 12:15:16 AM	Done - 0.1 MB (Desktop App Web Viewer)

8/15/2024 12:15:16 AM	Removing: Eye Control
8/15/2024 12:15:16 AM	Done - 2.8 MB (Eye Control)

8/15/2024 12:15:16 AM	Removing: Feedback Hub
8/15/2024 12:15:16 AM	- UnReg (di:0)
8/15/2024 12:15:18 AM	Done (Feedback Hub)

8/15/2024 12:15:18 AM	Removing: File Explorer (Legacy)
8/15/2024 12:15:18 AM	Done - 3.3 ¦ 0.002 MB (File Explorer (Legacy))

8/15/2024 12:15:18 AM	Removing: File Picker
8/15/2024 12:15:18 AM	Done - 1.0 MB (File Picker)

8/15/2024 12:15:18 AM	Removing: Get Help
8/15/2024 12:15:18 AM	- UnReg (di:0)
8/15/2024 12:15:20 AM	Done (Get Help)

8/15/2024 12:15:20 AM	Removing: Groove Music
8/15/2024 12:15:21 AM	Done (Groove Music)

8/15/2024 12:15:21 AM	Removing: HEIF Image Extensions
8/15/2024 12:15:22 AM	Done - 0.3 ¦ 3.4 MB (HEIF Image Extensions)

8/15/2024 12:15:22 AM	Removing: Mail and Calendar
8/15/2024 12:15:22 AM	- UnReg (di:0)
8/15/2024 12:15:24 AM	Done (Mail and Calendar)

8/15/2024 12:15:24 AM	Removing: Microsoft Advertising SDK for XAML
8/15/2024 12:15:24 AM	Done - 5.6 MB (Microsoft Advertising SDK for XAML)

8/15/2024 12:15:24 AM	Removing: Microsoft Edge DevTools Client
8/15/2024 12:15:26 AM	Done - 10.6 MB (Microsoft Edge DevTools Client)

8/15/2024 12:15:26 AM	Removing: Microsoft Engagement Framework
8/15/2024 12:15:27 AM	Done - 1.5 MB (Microsoft Engagement Framework)

8/15/2024 12:15:27 AM	Removing: Microsoft family features
8/15/2024 12:15:27 AM	Done - 10.7 MB (Microsoft family features)

8/15/2024 12:15:27 AM	Removing: Microsoft Pay
8/15/2024 12:15:27 AM	- UnReg (di:0)
8/15/2024 12:15:28 AM	Done (Microsoft Pay)

8/15/2024 12:15:28 AM	Removing: Microsoft People
8/15/2024 12:15:30 AM	Done (Microsoft People)

8/15/2024 12:15:30 AM	Removing: Microsoft Photos
8/15/2024 12:15:31 AM	Done (Microsoft Photos)

8/15/2024 12:15:31 AM	Removing: Microsoft Solitaire Collection
8/15/2024 12:15:32 AM	Done (Microsoft Solitaire Collection)

8/15/2024 12:15:32 AM	Removing: Microsoft Sticky Notes
8/15/2024 12:15:33 AM	Done (Microsoft Sticky Notes)

8/15/2024 12:15:33 AM	Removing: Microsoft.UI.Xaml.2.0
8/15/2024 12:15:34 AM	Done - 5.3 MB (Microsoft.UI.Xaml.2.0)

8/15/2024 12:15:34 AM	Removing: Mixed Reality Portal
8/15/2024 12:15:34 AM	- UnReg (di:0)
8/15/2024 12:15:35 AM	Done (Mixed Reality Portal)

8/15/2024 12:15:35 AM	Removing: Movies & TV
8/15/2024 12:15:36 AM	Done (Movies & TV)

8/15/2024 12:15:36 AM	Removing: MSN Weather
8/15/2024 12:15:38 AM	Done (MSN Weather)

8/15/2024 12:15:38 AM	Removing: Narrator
8/15/2024 12:15:38 AM	Done - 1.0 MB (Narrator)

8/15/2024 12:15:38 AM	Removing: Network Connection Flow
8/15/2024 12:15:39 AM	Done - 0.6 MB (Network Connection Flow)

8/15/2024 12:15:39 AM	Removing: Network Connectivity Status Indicator (NCSI)
8/15/2024 12:15:39 AM	Done - 0.2 MB (Network Connectivity Status Indicator (NCSI))

8/15/2024 12:15:39 AM	Removing: Office
8/15/2024 12:15:39 AM	- UnReg (di:0)
8/15/2024 12:15:40 AM	Done (Office)

8/15/2024 12:15:40 AM	Removing: OneNote
8/15/2024 12:15:42 AM	Done (OneNote)

8/15/2024 12:15:42 AM	Removing: Paint 3D
8/15/2024 12:15:43 AM	Done (Paint 3D)

8/15/2024 12:15:43 AM	Removing: PinningConfirmationDialog
8/15/2024 12:15:43 AM	Done - 0.3 MB (PinningConfirmationDialog)

8/15/2024 12:15:43 AM	Removing: Safely Remove Device
8/15/2024 12:15:43 AM	Done - 0.3 MB (Safely Remove Device)

8/15/2024 12:15:43 AM	Removing: Skype
8/15/2024 12:15:43 AM	- UnReg (di:0)
8/15/2024 12:15:45 AM	Done (Skype)

8/15/2024 12:15:45 AM	Removing: Snip & Sketch
8/15/2024 12:15:46 AM	Done (Snip & Sketch)

8/15/2024 12:15:46 AM	Removing: Store Experience Host
8/15/2024 12:15:47 AM	Done (Store Experience Host)

8/15/2024 12:15:47 AM	Removing: Tips (Get Started)
8/15/2024 12:15:48 AM	Done (Tips (Get Started))

8/15/2024 12:15:48 AM	Removing: VP9 Video Extensions
8/15/2024 12:15:49 AM	Done - 0.2 ¦ 5.6 MB (VP9 Video Extensions)

8/15/2024 12:15:49 AM	Removing: Web Media Extensions
8/15/2024 12:15:49 AM	- UnReg (di:0)
8/15/2024 12:15:50 AM	Done (Web Media Extensions)

8/15/2024 12:15:50 AM	Removing: Webp Image Extensions
8/15/2024 12:15:51 AM	Done - 0.08 ¦ 1.0 MB (Webp Image Extensions)

8/15/2024 12:15:51 AM	Removing: Windows Alarms & Clock
8/15/2024 12:15:51 AM	- UnReg (di:0)
8/15/2024 12:15:52 AM	Done (Windows Alarms & Clock)

8/15/2024 12:15:52 AM	Removing: Windows Barcode Preview
8/15/2024 12:15:52 AM	Done - 0.6 MB (Windows Barcode Preview)

8/15/2024 12:15:52 AM	Removing: Windows Calculator
8/15/2024 12:15:52 AM	- UnReg (di:0)
8/15/2024 12:15:54 AM	Done (Windows Calculator)

8/15/2024 12:15:54 AM	Removing: Windows Camera
8/15/2024 12:15:55 AM	Done (Windows Camera)

8/15/2024 12:15:55 AM	Removing: Windows Default Lock Screen
8/15/2024 12:15:55 AM	Done - 5.2 MB (Windows Default Lock Screen)

8/15/2024 12:15:55 AM	Removing: Windows Defender
8/15/2024 12:15:57 AM	Done - 134.1 ¦ 100.8 MB (Windows Defender)

8/15/2024 12:15:57 AM	Removing: Windows Feature Experience Pack
8/15/2024 12:15:58 AM	Done - 11.7 ¦ 0.01 MB (Windows Feature Experience Pack)

8/15/2024 12:15:58 AM	Removing: Windows Hello Setup
8/15/2024 12:15:58 AM	Done - 2.3 ¦ 0.000824 MB (Windows Hello Setup)

8/15/2024 12:15:58 AM	Removing: Windows Maps
8/15/2024 12:15:58 AM	- UnReg (di:0)
8/15/2024 12:16:00 AM	Done (Windows Maps)

8/15/2024 12:16:00 AM	Removing: Windows Shell Experience
8/15/2024 12:16:00 AM	Done - 3.3 MB (Windows Shell Experience)

8/15/2024 12:16:00 AM	Removing: Windows Voice Recorder
8/15/2024 12:16:00 AM	- UnReg (di:0)
8/15/2024 12:16:02 AM	Done (Windows Voice Recorder)

8/15/2024 12:16:02 AM	Removing: Xbox Game Bar Plugin
8/15/2024 12:16:03 AM	Done (Xbox Game Bar Plugin)

8/15/2024 12:16:03 AM	Removing: Xbox Game Bar
8/15/2024 12:16:04 AM	Done (Xbox Game Bar)

8/15/2024 12:16:04 AM	Removing: Xbox Game Speech Window
8/15/2024 12:16:05 AM	Done (Xbox Game Speech Window)

8/15/2024 12:16:05 AM	Removing: Xbox Game UI
8/15/2024 12:16:06 AM	Done - 1.6 MB (Xbox Game UI)

8/15/2024 12:16:06 AM	Removing: Xbox TCUI
8/15/2024 12:16:06 AM	- UnReg (di:0)
8/15/2024 12:16:07 AM	Done (Xbox TCUI)

8/15/2024 12:16:07 AM	Removing: Xbox
8/15/2024 12:16:08 AM	Done (Xbox)

8/15/2024 12:16:08 AM	Removing: Your Phone
8/15/2024 12:16:09 AM	Done (Your Phone)

8/15/2024 12:16:09 AM	Removing: .NET assembly cache
8/15/2024 12:16:12 AM	Done - 83.5 ¦ 283.7 MB (.NET assembly cache)

8/15/2024 12:16:12 AM	Removing: Active Directory Lightweight Directory Services (AD LDS)
8/15/2024 12:16:13 AM	Done - 0.4 ¦ 0.10 MB (Active Directory Lightweight Directory Services (AD LDS))

8/15/2024 12:16:13 AM	Removing: Amharic
8/15/2024 12:16:13 AM	Done (Amharic)

8/15/2024 12:16:13 AM	Removing: Arabic
8/15/2024 12:16:13 AM	Done - 0.4 ¦ 0.007 MB (Arabic)

8/15/2024 12:16:13 AM	Removing: Auto-Rotation Manager
8/15/2024 12:16:13 AM	Done - 0.05 MB (Auto-Rotation Manager)

8/15/2024 12:16:13 AM	Removing: Bulgarian
8/15/2024 12:16:13 AM	Done - 0.5 ¦ 0.007 MB (Bulgarian)

8/15/2024 12:16:13 AM	Removing: Chinese Simplified
8/15/2024 12:16:13 AM	Done - 4.5 ¦ 0.008 MB (Chinese Simplified)

8/15/2024 12:16:13 AM	Removing: Chinese Traditional (IME)
8/15/2024 12:16:13 AM	Done - 17.4 MB (Chinese Traditional (IME))

8/15/2024 12:16:13 AM	Removing: Chinese Traditional
8/15/2024 12:16:14 AM	Done - 4.6 ¦ 0.008 MB (Chinese Traditional)

8/15/2024 12:16:14 AM	Removing: Croatian
8/15/2024 12:16:14 AM	Done - 0.5 ¦ 0.007 MB (Croatian)

8/15/2024 12:16:14 AM	Removing: Czech
8/15/2024 12:16:14 AM	Done - 0.7 ¦ 0.008 MB (Czech)

8/15/2024 12:16:14 AM	Removing: Danish
8/15/2024 12:16:14 AM	Done - 0.7 ¦ 0.008 MB (Danish)

8/15/2024 12:16:14 AM	Removing: Data Center Bridging (DCB)
8/15/2024 12:16:14 AM	Done - 0.1 ¦ 0.04 MB (Data Center Bridging (DCB))

8/15/2024 12:16:14 AM	Removing: Device Lockdown (Embedded Experience)
8/15/2024 12:16:15 AM	Done - 0.7 ¦ 0.1 MB (Device Lockdown (Embedded Experience))

8/15/2024 12:16:15 AM	Removing: Dutch
8/15/2024 12:16:15 AM	Done - 0.8 ¦ 0.008 MB (Dutch)

8/15/2024 12:16:15 AM	Removing: Ease Of Access Themes
8/15/2024 12:16:15 AM	Done - 0.010 MB (Ease Of Access Themes)

8/15/2024 12:16:15 AM	Removing: English (GB)
8/15/2024 12:16:16 AM	Done - 32.4 ¦ 0.03 MB (English (GB))

8/15/2024 12:16:16 AM	Removing: Enhanced Storage
8/15/2024 12:16:16 AM	Done - 1.5 ¦ 0.000488 MB (Enhanced Storage)

8/15/2024 12:16:16 AM	Removing: Estonian
8/15/2024 12:16:16 AM	Done - 0.5 ¦ 0.007 MB (Estonian)

8/15/2024 12:16:16 AM	Removing: Fax
8/15/2024 12:16:17 AM	Done - 9.4 ¦ 0.004 MB (Fax)

8/15/2024 12:16:17 AM	Removing: Finnish
8/15/2024 12:16:17 AM	Done - 0.8 ¦ 0.008 MB (Finnish)

8/15/2024 12:16:17 AM	Removing: French (Canadian)
8/15/2024 12:16:17 AM	Done - 0.6 ¦ 0.007 MB (French (Canadian))

8/15/2024 12:16:17 AM	Removing: French
8/15/2024 12:16:17 AM	Done - 0.8 ¦ 0.008 MB (French)

8/15/2024 12:16:17 AM	Removing: Gaming Peripherals (Xbox GIP)
8/15/2024 12:16:18 AM	Done - 1.0 MB (Gaming Peripherals (Xbox GIP))

8/15/2024 12:16:18 AM	Removing: German
8/15/2024 12:16:18 AM	Done - 0.8 ¦ 0.008 MB (German)

8/15/2024 12:16:18 AM	Removing: Greek
8/15/2024 12:16:18 AM	Done - 0.8 ¦ 0.008 MB (Greek)

8/15/2024 12:16:18 AM	Removing: Hebrew
8/15/2024 12:16:18 AM	Done - 0.3 ¦ 0.007 MB (Hebrew)

8/15/2024 12:16:18 AM	Removing: HomeGroup
8/15/2024 12:16:18 AM	Done - 1.1 ¦ 0.008 MB (HomeGroup)

8/15/2024 12:16:18 AM	Removing: Hungarian
8/15/2024 12:16:18 AM	Done - 0.8 ¦ 0.008 MB (Hungarian)

8/15/2024 12:16:18 AM	Removing: Hyper-V Integration Services
8/15/2024 12:16:19 AM	Done - 0.8 MB (Hyper-V Integration Services)

8/15/2024 12:16:19 AM	Removing: Internet Authentication Service (IAS)
8/15/2024 12:16:19 AM	Done - 6.6 MB (Internet Authentication Service (IAS))

8/15/2024 12:16:19 AM	Removing: Internet Explorer - 32 bit
8/15/2024 12:16:22 AM	Done - 21.8 ¦ 0.000549 MB (Internet Explorer - 32 bit)

8/15/2024 12:16:22 AM	Removing: Internet Information Server (IIS)
8/15/2024 12:16:22 AM	Done - 1.3 ¦ 0.2 MB (Internet Information Server (IIS))

8/15/2024 12:16:22 AM	Removing: Internet Printing Client
8/15/2024 12:16:22 AM	Done - 0.3 ¦ 0.002 MB (Internet Printing Client)

8/15/2024 12:16:22 AM	Removing: Italian
8/15/2024 12:16:22 AM	Done - 0.8 ¦ 0.008 MB (Italian)

8/15/2024 12:16:22 AM	Removing: Japanese (IME)
8/15/2024 12:16:23 AM	Done - 24.3 MB (Japanese (IME))

8/15/2024 12:16:23 AM	Removing: Japanese
8/15/2024 12:16:23 AM	Done - 3.0 ¦ 0.008 MB (Japanese)

8/15/2024 12:16:23 AM	Removing: Kernel Debugging
8/15/2024 12:16:24 AM	Done - 2.6 MB (Kernel Debugging)

8/15/2024 12:16:24 AM	Removing: Korean (IME)
8/15/2024 12:16:24 AM	Done - 7.9 MB (Korean (IME))

8/15/2024 12:16:24 AM	Removing: Korean
8/15/2024 12:16:24 AM	Done - 3.3 ¦ 0.008 MB (Korean)

8/15/2024 12:16:24 AM	Removing: Latvian
8/15/2024 12:16:24 AM	Done - 0.5 ¦ 0.007 MB (Latvian)

8/15/2024 12:16:24 AM	Removing: Lithuanian
8/15/2024 12:16:24 AM	Done - 0.5 ¦ 0.007 MB (Lithuanian)

8/15/2024 12:16:24 AM	Removing: Location notifications
8/15/2024 12:16:24 AM	Done - 0.7 MB (Location notifications)

8/15/2024 12:16:24 AM	Removing: Manifest Backup (WinSxS\Backup)
8/15/2024 12:16:32 AM	Done - 157.0 MB (Manifest Backup (WinSxS\Backup))

8/15/2024 12:16:32 AM	Removing: Manual feature repository
8/15/2024 12:16:32 AM	Done - 69.9 MB (Manual feature repository)

8/15/2024 12:16:32 AM	Removing: Media Foundation - 32 bit
8/15/2024 12:16:34 AM	Done - 48.8 ¦ 0.1 MB (Media Foundation - 32 bit)

8/15/2024 12:16:34 AM	Removing: MultiPoint Connector
8/15/2024 12:16:35 AM	Done - 0.2 ¦ 0.03 MB (MultiPoint Connector)

8/15/2024 12:16:35 AM	Removing: Network Projection
8/15/2024 12:16:35 AM	Done - 0.04 ¦ 0.002 MB (Network Projection)

8/15/2024 12:16:35 AM	Removing: Norwegian
8/15/2024 12:16:35 AM	Done - 0.7 MB (Norwegian)

8/15/2024 12:16:35 AM	Removing: Peer Networking
8/15/2024 12:16:35 AM	Done - 3.4 MB (Peer Networking)

8/15/2024 12:16:35 AM	Removing: Photo Viewer - 32 bit
8/15/2024 12:16:36 AM	Done - 36.6 ¦ 0.03 MB (Photo Viewer - 32 bit)

8/15/2024 12:16:36 AM	Removing: Polish
8/15/2024 12:16:36 AM	Done - 0.8 MB (Polish)

8/15/2024 12:16:36 AM	Removing: Portuguese (Brazilian)
8/15/2024 12:16:36 AM	Done - 0.8 MB (Portuguese (Brazilian))

8/15/2024 12:16:36 AM	Removing: Portuguese
8/15/2024 12:16:36 AM	Done - 0.8 MB (Portuguese)

8/15/2024 12:16:36 AM	Removing: PowerShell ISE - 32 bit
8/15/2024 12:16:36 AM	Done - 0.3 ¦ 0.003 MB (PowerShell ISE - 32 bit)

8/15/2024 12:16:36 AM	Removing: Print to PDF
8/15/2024 12:16:36 AM	Done - 0.09 ¦ 0.02 MB (Print to PDF)

8/15/2024 12:16:36 AM	Removing: Remote Assistance
8/15/2024 12:16:37 AM	Done - 1.8 ¦ 0.02 MB (Remote Assistance)

8/15/2024 12:16:37 AM	Removing: Remote Desktop Services ActiveX Client - 32 bit
8/15/2024 12:16:37 AM	Done - 7.0 MB (Remote Desktop Services ActiveX Client - 32 bit)

8/15/2024 12:16:37 AM	Removing: Remote Desktop Services Port Redirector
8/15/2024 12:16:37 AM	Done - 0.6 MB (Remote Desktop Services Port Redirector)

8/15/2024 12:16:37 AM	Removing: Remote Differential Compression (RDC)
8/15/2024 12:16:37 AM	Done - 0.2 ¦ 0.02 MB (Remote Differential Compression (RDC))

8/15/2024 12:16:37 AM	Removing: RemoteFX
8/15/2024 12:16:38 AM	Done - 2.3 ¦ 0.08 MB (RemoteFX)

8/15/2024 12:16:38 AM	Removing: Romanian
8/15/2024 12:16:38 AM	Done - 0.5 MB (Romanian)

8/15/2024 12:16:38 AM	Removing: Russian
8/15/2024 12:16:38 AM	Done - 0.8 MB (Russian)

8/15/2024 12:16:38 AM	Removing: Serbian
8/15/2024 12:16:38 AM	Done - 0.5 MB (Serbian)

8/15/2024 12:16:38 AM	Removing: Share Media Control Panel
8/15/2024 12:16:38 AM	Done - 0.2 MB (Share Media Control Panel)

8/15/2024 12:16:38 AM	Removing: Simple TCP/IP services
8/15/2024 12:16:38 AM	Done - 0.05 ¦ 0.02 MB (Simple TCP/IP services)

8/15/2024 12:16:38 AM	Removing: Slovak
8/15/2024 12:16:38 AM	Done - 0.5 MB (Slovak)

8/15/2024 12:16:38 AM	Removing: Slovenian
8/15/2024 12:16:38 AM	Done - 0.5 MB (Slovenian)

8/15/2024 12:16:38 AM	Removing: SMB Direct (RDMA)
8/15/2024 12:16:38 AM	Done - 0.05 ¦ 0.02 MB (SMB Direct (RDMA))

8/15/2024 12:16:38 AM	Removing: Snipping Tool
8/15/2024 12:16:39 AM	Done - 3.6 ¦ 0.002 MB (Snipping Tool)

8/15/2024 12:16:39 AM	Removing: Spanish
8/15/2024 12:16:39 AM	Done - 1.3 MB (Spanish)

8/15/2024 12:16:39 AM	Removing: Swedish
8/15/2024 12:16:39 AM	Done - 0.7 MB (Swedish)

8/15/2024 12:16:39 AM	Removing: System Restore
8/15/2024 12:16:39 AM	Done - 1.4 MB (System Restore)

8/15/2024 12:16:39 AM	Removing: Tamil
8/15/2024 12:16:39 AM	Done (Tamil)

8/15/2024 12:16:39 AM	Removing: Telnet Client
8/15/2024 12:16:39 AM	Done - 0.07 ¦ 0.02 MB (Telnet Client)

8/15/2024 12:16:39 AM	Removing: Text prediction
8/15/2024 12:16:40 AM	Done - 6.1 ¦ 0.06 MB (Text prediction)

8/15/2024 12:16:40 AM	Removing: TFTP client
8/15/2024 12:16:40 AM	Done - 0.06 ¦ 0.02 MB (TFTP client)

8/15/2024 12:16:40 AM	Removing: Thai
8/15/2024 12:16:40 AM	Done - 0.3 MB (Thai)

8/15/2024 12:16:40 AM	Removing: Turkish
8/15/2024 12:16:40 AM	Done - 0.7 MB (Turkish)

8/15/2024 12:16:40 AM	Removing: Ukrainian
8/15/2024 12:16:40 AM	Done - 0.5 MB (Ukrainian)

8/15/2024 12:16:40 AM	Removing: User Experience Virtualization (UE-V)
8/15/2024 12:16:40 AM	Done - 0.1 ¦ 0.004 MB (User Experience Virtualization (UE-V))

8/15/2024 12:16:40 AM	Removing: Virtual Private Network (VPN) support
8/15/2024 12:16:40 AM	Done - 4.0 MB (Virtual Private Network (VPN) support)

8/15/2024 12:16:40 AM	Removing: Wallet Service
8/15/2024 12:16:41 AM	Done - 1.5 MB (Wallet Service)

8/15/2024 12:16:41 AM	Removing: Wallpapers (Themes)
8/15/2024 12:16:41 AM	Done - 8.4 ¦ 0.01 MB (Wallpapers (Themes))

8/15/2024 12:16:41 AM	Removing: Webcam Experience
8/15/2024 12:16:41 AM	Done - 1.9 ¦ 0.004 MB (Webcam Experience)

8/15/2024 12:16:41 AM	Removing: Windows Help content
8/15/2024 12:16:41 AM	Done - 3.0 ¦ 0.03 MB (Windows Help content)

8/15/2024 12:16:41 AM	Removing: Windows Media Codecs - 32 bit
8/15/2024 12:16:42 AM	Done - 5.4 ¦ 0.02 MB (Windows Media Codecs - 32 bit)

8/15/2024 12:16:42 AM	Removing: Windows Media Player - 32 bit
8/15/2024 12:16:43 AM	Done - 12.8 MB (Windows Media Player - 32 bit)

8/15/2024 12:16:43 AM	Removing: Windows Personalization themes
8/15/2024 12:16:44 AM	Done - 0.006 MB (Windows Personalization themes)

8/15/2024 12:16:44 AM	Removing: Windows Subsystem for Linux
8/15/2024 12:16:44 AM	Done - 0.8 ¦ 0.09 MB (Windows Subsystem for Linux)

8/15/2024 12:16:44 AM	Removing: Windows System Assessment Tool (WinSAT)
8/15/2024 12:16:44 AM	Done - 3.5 ¦ 0.000793 MB (Windows System Assessment Tool (WinSAT))

8/15/2024 12:16:44 AM	Removing: Windows TIFF IFilter (OCR)
8/15/2024 12:16:45 AM	Done - 2.1 ¦ 0.3 MB (Windows TIFF IFilter (OCR))

8/15/2024 12:16:45 AM	Removing: Windows To Go
8/15/2024 12:16:45 AM	Done - 0.4 MB (Windows To Go)

8/15/2024 12:16:45 AM	Removing: WMP Network Sharing Service - 32 bit
8/15/2024 12:16:45 AM	Done - 0.6 ¦ 0.02 MB (WMP Network Sharing Service - 32 bit)

8/15/2024 12:16:45 AM	Removing: Work Folders Client
8/15/2024 12:16:46 AM	Done - 3.7 ¦ 0.02 MB (Work Folders Client)

8/15/2024 12:16:46 AM	Removing: Xbox - Core
8/15/2024 12:16:47 AM	Done - 14.3 MB (Xbox - Core)

8/15/2024 12:16:47 AM	Removing: Help file support (CHM)
8/15/2024 12:16:48 AM	Done - 1.1 MB (Help file support (CHM))

8/15/2024 12:16:48 AM	Removing: Input Method Editor (IME)
8/15/2024 12:16:49 AM	Done - 67.5 MB (Input Method Editor (IME))

8/15/2024 12:16:49 AM	Removing: Microsoft Message Queue (MSMQ)
8/15/2024 12:16:50 AM	Done - 0.8 ¦ 0.2 MB (Microsoft Message Queue (MSMQ))

8/15/2024 12:16:50 AM	Removing: MobilePC
8/15/2024 12:16:50 AM	Done - 0.8 MB (MobilePC)

8/15/2024 12:16:50 AM	Removing: Photo Viewer
8/15/2024 12:16:50 AM	Done - 38.7 ¦ 0.03 MB (Photo Viewer)

8/15/2024 12:16:50 AM	Removing: PowerShell - 32 bit
8/15/2024 12:16:52 AM	Done - 7.3 ¦ 1.7 MB (PowerShell - 32 bit)

8/15/2024 12:16:52 AM	Removing: Remote Desktop Server
8/15/2024 12:16:53 AM	Done - 21.3 ¦ 0.08 ¦ 0.10 MB (Remote Desktop Server)

8/15/2024 12:16:53 AM	Removing: Routing and Remote Access Service
8/15/2024 12:16:53 AM	Done - 5.0 ¦ 0.009 MB (Routing and Remote Access Service)

8/15/2024 12:16:53 AM	Removing: Sensors
8/15/2024 12:16:54 AM	Done - 5.5 ¦ 0.01 MB (Sensors)

8/15/2024 12:16:54 AM	Removing: Tablet PC
8/15/2024 12:16:55 AM	Done - 46.4 ¦ 0.4 MB (Tablet PC)

8/15/2024 12:16:55 AM	Removing: Wallpaper (Default)
8/15/2024 12:16:56 AM	Done (Wallpaper (Default))

8/15/2024 12:16:56 AM	Removing: Windows Media Codecs (Core)
8/15/2024 12:16:56 AM	Done - 2.7 MB (Windows Media Codecs (Core))

8/15/2024 12:16:56 AM	Removing: Windows Media Codecs
8/15/2024 12:16:56 AM	Done - 10.5 ¦ 0.02 MB (Windows Media Codecs)

8/15/2024 12:16:56 AM	Removing: Windows Media Player
8/15/2024 12:16:58 AM	Done - 26.3 ¦ 0.07 MB (Windows Media Player)

8/15/2024 12:16:58 AM	Removing: WMP Network Sharing Service
8/15/2024 12:16:58 AM	Done - 0.08 ¦ 0.01 MB (WMP Network Sharing Service)

8/15/2024 12:16:58 AM	 - DCL
8/15/2024 12:16:58 AM	- UnReg (di:0)
8/15/2024 12:16:58 AM	- DS
8/15/2024 12:16:58 AM	Deleting temporary files: C:\Users\Super\AppData\Local\Temp\NLTmpScratch\NLTmpS
8/15/2024 12:16:58 AM	# 
8/15/2024 12:17:05 AM	CUCT
8/15/2024 12:17:05 AM	Cleaning leftover entries
8/15/2024 12:17:06 AM	Cleaning empty directories
8/15/2024 12:17:06 AM	# 
8/15/2024 12:17:06 AM	# 
8/15/2024 12:17:06 AM	Optimize AppX
8/15/2024 12:17:06 AM	Preparing DISM
8/15/2024 12:17:06 AM	- DI
8/15/2024 12:17:06 AM	DA 10.0.22621.3646
8/15/2024 12:17:06 AM	- UnReg (di:1)
8/15/2024 12:17:09 AM	 - DCL
8/15/2024 12:17:09 AM	- DS
8/15/2024 12:17:09 AM	Deleting temporary files: C:\Users\Super\AppData\Local\Temp\NLTmpScratch\NLTmpS
8/15/2024 12:17:09 AM	# 
8/15/2024 12:17:09 AM	# 
8/15/2024 12:17:09 AM	# 
8/15/2024 12:17:09 AM	Applying - Tweaks
8/15/2024 12:17:09 AM	# 
8/15/2024 12:17:09 AM	# 
8/15/2024 12:17:09 AM	Applying - Unattended setup
8/15/2024 12:17:09 AM	Image load: Microsoft Windows Setup (x64) - D:\Tiny10-XiaoEdition-\sources\boot.wim
8/15/2024 12:17:09 AM	SM [m]: D:\Tiny10-XiaoEdition-\sources\boot.wim
8/15/2024 12:17:09 AM	Mounting image: D:\Tiny10-XiaoEdition-\sources\boot.wim - Microsoft Windows Setup (x64)
8/15/2024 12:17:09 AM		Mount dir: C:\Users\Super\AppData\Local\Temp\NLTmpMnt (1)
8/15/2024 12:17:09 AM	GWH
8/15/2024 12:17:30 AM	SM [m]: clr
8/15/2024 12:17:30 AM	Unloading image, discarding changes - D:\Tiny10-XiaoEdition-\sources\boot.wim - Microsoft Windows Setup (x64)
8/15/2024 12:17:30 AM	SM [um]: D:\Tiny10-XiaoEdition-\sources\boot.wim
8/15/2024 12:17:30 AM	- UnReg (di:1)
8/15/2024 12:18:03 AM	Deleting temporary files: C:\Users\Super\AppData\Local\Temp\NLTmpMnt (1)
8/15/2024 12:18:03 AM	Deleting temporary files: C:\Users\Super\AppData\Local\Temp\NLTmpMnt (1)_wt
8/15/2024 12:18:03 AM	Cleaning mount directory
8/15/2024 12:18:03 AM	SM [um]: clr
8/15/2024 12:18:04 AM	# 
8/15/2024 12:18:04 AM	# 
8/15/2024 12:18:06 AM	Total removed:  863.4 MB Hard links  /  607.2 MB Files  /  70.0 MB ISO Files
8/15/2024 12:18:06 AM	- UnReg (di:1)
8/15/2024 12:18:06 AM	- UnReg (di:0)
8/15/2024 12:18:09 AM	Saving changes to the image - D:\Tiny10-XiaoEdition-\sources\install.wim - Windows 10 Core 22H2 x64 - 10.0.19045.3803 (en-US)
8/15/2024 12:18:09 AM	SM [um]: D:\Tiny10-XiaoEdition-\sources\install.wim
8/15/2024 12:18:09 AM	- UnReg (di:1)
8/15/2024 12:30:24 AM	Deleting temporary files: C:\Users\Super\AppData\Local\Temp\NLTmpMnt
8/15/2024 12:30:24 AM	Deleting temporary files: C:\Users\Super\AppData\Local\Temp\NLTmpMnt_wt
8/15/2024 12:30:24 AM	Cleaning mount directory
8/15/2024 12:30:24 AM	SM [um]: clr
8/15/2024 12:30:24 AM	# 
8/15/2024 12:30:24 AM	SM [e]: D:\Tiny10-XiaoEdition-\sources\install.wim
8/15/2024 12:30:24 AM	Exporting D:\Tiny10-XiaoEdition-\sources\install.wim:1 -> C:\Users\Super\AppData\Local\Temp\NLTmpWExp95c575a8\install.wim
8/15/2024 12:30:24 AM	 - WG Export
8/15/2024 12:30:24 AM	GWH
8/15/2024 12:30:37 AM	Image compression: 2
8/15/2024 12:30:37 AM	GWH
8/15/2024 12:31:17 AM	Deleting temporary files: C:\Users\Super\AppData\Local\Temp\NLTmpWEDst5b440118
8/15/2024 12:31:17 AM	Deleting temporary files: C:\Users\Super\AppData\Local\Temp\NLTmpWESrc5b440118
8/15/2024 12:31:17 AM	SM [e]: D:\Tiny10-XiaoEdition-\sources\install.wim
8/15/2024 12:31:17 AM	Exporting D:\Tiny10-XiaoEdition-\sources\install.wim:2 -> C:\Users\Super\AppData\Local\Temp\NLTmpWExp95c575a8\install.wim
8/15/2024 12:31:17 AM	 - WG Export
8/15/2024 12:31:17 AM	GWH
8/15/2024 12:31:30 AM	Image compression: 2
8/15/2024 12:31:30 AM	GWH
8/15/2024 12:31:59 AM	Deleting temporary files: C:\Users\Super\AppData\Local\Temp\NLTmpWEDstc24d50a2
8/15/2024 12:31:59 AM	Deleting temporary files: C:\Users\Super\AppData\Local\Temp\NLTmpWESrcc24d50a2
8/15/2024 12:31:59 AM	SM [e]: D:\Tiny10-XiaoEdition-\sources\install.wim
8/15/2024 12:31:59 AM	Exporting D:\Tiny10-XiaoEdition-\sources\install.wim:3 -> C:\Users\Super\AppData\Local\Temp\NLTmpWExp95c575a8\install.wim
8/15/2024 12:31:59 AM	 - WG Export
8/15/2024 12:31:59 AM	GWH
8/15/2024 12:32:12 AM	Image compression: 2
8/15/2024 12:32:12 AM	GWH
8/15/2024 12:32:35 AM	Deleting temporary files: C:\Users\Super\AppData\Local\Temp\NLTmpWEDstb54a6034
8/15/2024 12:32:35 AM	Deleting temporary files: C:\Users\Super\AppData\Local\Temp\NLTmpWESrcb54a6034
8/15/2024 12:32:35 AM	SM [e]: D:\Tiny10-XiaoEdition-\sources\install.wim
8/15/2024 12:32:35 AM	Exporting D:\Tiny10-XiaoEdition-\sources\install.wim:4 -> C:\Users\Super\AppData\Local\Temp\NLTmpWExp95c575a8\install.wim
8/15/2024 12:32:35 AM	 - WG Export
8/15/2024 12:32:35 AM	GWH
8/15/2024 12:32:48 AM	Image compression: 2
8/15/2024 12:32:48 AM	GWH
8/15/2024 12:33:11 AM	Deleting temporary files: C:\Users\Super\AppData\Local\Temp\NLTmpWEDst2b2ef597
8/15/2024 12:33:11 AM	Deleting temporary files: C:\Users\Super\AppData\Local\Temp\NLTmpWESrc2b2ef597
8/15/2024 12:33:11 AM	SM [e]: D:\Tiny10-XiaoEdition-\sources\install.wim
8/15/2024 12:33:11 AM	Exporting D:\Tiny10-XiaoEdition-\sources\install.wim:5 -> C:\Users\Super\AppData\Local\Temp\NLTmpWExp95c575a8\install.wim
8/15/2024 12:33:11 AM	 - WG Export
8/15/2024 12:33:11 AM	GWH
8/15/2024 12:33:23 AM	Image compression: 2
8/15/2024 12:33:23 AM	GWH
8/15/2024 12:33:44 AM	Deleting temporary files: C:\Users\Super\AppData\Local\Temp\NLTmpWEDst5c29c501
8/15/2024 12:33:44 AM	Deleting temporary files: C:\Users\Super\AppData\Local\Temp\NLTmpWESrc5c29c501
8/15/2024 12:33:44 AM	SM [e]: D:\Tiny10-XiaoEdition-\sources\install.wim
8/15/2024 12:33:44 AM	Exporting D:\Tiny10-XiaoEdition-\sources\install.wim:6 -> C:\Users\Super\AppData\Local\Temp\NLTmpWExp95c575a8\install.wim
8/15/2024 12:33:44 AM	 - WG Export
8/15/2024 12:33:44 AM	GWH
8/15/2024 12:33:57 AM	Image compression: 2
8/15/2024 12:33:57 AM	GWH
8/15/2024 12:34:21 AM	Deleting temporary files: C:\Users\Super\AppData\Local\Temp\NLTmpWEDstc52094bb
8/15/2024 12:34:21 AM	Deleting temporary files: C:\Users\Super\AppData\Local\Temp\NLTmpWESrcc52094bb
8/15/2024 12:34:21 AM	SM [e]: D:\Tiny10-XiaoEdition-\sources\install.wim
8/15/2024 12:34:21 AM	Exporting D:\Tiny10-XiaoEdition-\sources\install.wim:7 -> C:\Users\Super\AppData\Local\Temp\NLTmpWExp95c575a8\install.wim
8/15/2024 12:34:21 AM	 - WG Export
8/15/2024 12:34:21 AM	GWH
8/15/2024 12:34:34 AM	Image compression: 2
8/15/2024 12:34:34 AM	GWH
8/15/2024 12:35:00 AM	Deleting temporary files: C:\Users\Super\AppData\Local\Temp\NLTmpWEDstb227a42d
8/15/2024 12:35:00 AM	Deleting temporary files: C:\Users\Super\AppData\Local\Temp\NLTmpWESrcb227a42d
8/15/2024 12:36:48 AM	# 
